14:8:2020, 20:53:13. Request: /index
14:8:2020, 20:53:13. Request: /source/style.css
14:8:2020, 20:53:22. Request: /about.html
14:8:2020, 20:53:22. Request: /source/style.css
14:8:2020, 20:53:24. Request: /index
14:8:2020, 20:53:24. Request: /source/style.css
14:8:2020, 20:53:29. Request: /start
14:8:2020, 20:53:29. Request: /source/style.css
14:8:2020, 20:53:30. Request: /source/style.css
14:8:2020, 20:54:7. Request: /index
14:8:2020, 20:54:7. Request: /source/style.css
14:8:2020, 20:54:18. Request: /about.html
14:8:2020, 20:54:18. Request: /source/style.css
14:8:2020, 20:54:19. Request: /source/style.css
14:8:2020, 20:54:31. Request: /about
14:8:2020, 20:54:31. Request: /source/style.css
14:8:2020, 20:55:25. Request: /index
14:8:2020, 20:55:25. Request: /source/style.css
14:8:2020, 20:55:27. Request: /source/style.css
14:8:2020, 20:56:9. Request: /index.html
14:8:2020, 20:56:9. Request: /source/style.css
14:8:2020, 20:56:11. Request: /source/style.css
14:8:2020, 20:56:44. Request: /iasdf
14:8:2020, 20:56:44. Request: /source/style.css
14:8:2020, 20:56:56. Request: /iaaa
14:8:2020, 20:56:56. Request: /source/style.css
14:8:2020, 20:57:3. Request: /index
14:8:2020, 20:57:3. Request: /source/style.css
14:8:2020, 20:57:12. Request: /about
14:8:2020, 20:57:12. Request: /source/style.css
14:8:2020, 20:57:20. Request: /index.html
14:8:2020, 20:57:20. Request: /source/style.css
14:8:2020, 20:57:26. Request: /source/style.css
14:8:2020, 20:57:39. Request: /about.html
14:8:2020, 20:57:39. Request: /source/style.css
14:8:2020, 20:57:40. Request: /source/style.css
25:8:2020, 12:43:23. Request: /
25:8:2020, 12:43:23. Request: /source/style.css
25:8:2020, 12:43:23. Request: /favicon.ico
25:8:2020, 12:43:25. Request: /about.html
25:8:2020, 12:43:25. Request: /source/style.css
25:8:2020, 12:43:26. Request: /index
25:8:2020, 12:43:26. Request: /source/style.css
25:8:2020, 12:44:13. Request: /about.html
25:8:2020, 12:44:13. Request: /source/style.css
25:8:2020, 12:44:27. Request: /index
25:8:2020, 12:44:27. Request: /source/style.css
25:8:2020, 13:16:42. Request: /index
25:8:2020, 13:16:42. Request: /source/style.css
25:8:2020, 13:16:56. Request: /about.html
25:8:2020, 13:16:56. Request: /source/style.css
25:8:2020, 13:16:58. Request: /index
25:8:2020, 13:16:58. Request: /source/style.css
25:8:2020, 13:27:44. Request: /about.html
25:8:2020, 13:27:44. Request: /source/style.css
25:8:2020, 15:4:7. Request: /
25:8:2020, 15:4:7. Request: /source/style.css
25:8:2020, 15:4:7. Request: /favicon.ico
25:8:2020, 15:4:15. Request: /source/style.css
25:8:2020, 15:4:54. Request: /about.html
25:8:2020, 15:4:54. Request: /source/style.css
25:8:2020, 15:4:56. Request: /index
25:8:2020, 15:4:56. Request: /source/style.css
25:8:2020, 15:4:58. Request: /about.html
25:8:2020, 15:4:58. Request: /source/style.css
25:8:2020, 15:18:5. Request: /index
25:8:2020, 15:18:5. Request: /source/style.css
25:8:2020, 15:27:29. Request: /about.html
25:8:2020, 15:27:29. Request: /source/style.css
25:8:2020, 15:28:3. Request: /index
25:8:2020, 15:28:3. Request: /source/style.css
25:8:2020, 15:28:5. Request: /about.html
25:8:2020, 15:28:5. Request: /source/style.css
25:8:2020, 15:43:25. Request: /index
25:8:2020, 15:43:25. Request: /source/style.css
25:8:2020, 15:44:0. Request: /indexadsf
25:8:2020, 15:44:0. Request: /source/style.css
